{"/Users/victormahe/Desktop/Projects/toucan/dist/index.js": {"path":"/Users/victormahe/Desktop/Projects/toucan/dist/index.js","statementMap":{"0":{"start":{"line":2,"column":22},"end":{"line":4,"column":1}},"1":{"start":{"line":3,"column":4},"end":{"line":3,"column":62}},"2":{"start":{"line":5,"column":0},"end":{"line":5,"column":62}},"3":{"start":{"line":6,"column":0},"end":{"line":6,"column":24}},"4":{"start":{"line":7,"column":23},"end":{"line":7,"column":63}},"5":{"start":{"line":8,"column":21},"end":{"line":8,"column":59}},"6":{"start":{"line":11,"column":8},"end":{"line":11,"column":24}},"7":{"start":{"line":12,"column":8},"end":{"line":15,"column":10}},"8":{"start":{"line":16,"column":8},"end":{"line":16,"column":28}},"9":{"start":{"line":17,"column":8},"end":{"line":17,"column":30}},"10":{"start":{"line":18,"column":8},"end":{"line":18,"column":27}},"11":{"start":{"line":19,"column":8},"end":{"line":19,"column":29}},"12":{"start":{"line":20,"column":8},"end":{"line":20,"column":21}},"13":{"start":{"line":24,"column":8},"end":{"line":36,"column":9}},"14":{"start":{"line":25,"column":12},"end":{"line":31,"column":13}},"15":{"start":{"line":26,"column":29},"end":{"line":26,"column":161}},"16":{"start":{"line":27,"column":16},"end":{"line":29,"column":17}},"17":{"start":{"line":28,"column":20},"end":{"line":28,"column":32}},"18":{"start":{"line":30,"column":16},"end":{"line":30,"column":29}},"19":{"start":{"line":32,"column":12},"end":{"line":32,"column":25}},"20":{"start":{"line":35,"column":12},"end":{"line":35,"column":25}},"21":{"start":{"line":39,"column":8},"end":{"line":39,"column":27}},"22":{"start":{"line":43,"column":8},"end":{"line":46,"column":9}},"23":{"start":{"line":44,"column":12},"end":{"line":44,"column":33}},"24":{"start":{"line":45,"column":12},"end":{"line":45,"column":33}},"25":{"start":{"line":47,"column":8},"end":{"line":47,"column":30}},"26":{"start":{"line":48,"column":8},"end":{"line":48,"column":29}},"27":{"start":{"line":52,"column":8},"end":{"line":55,"column":9}},"28":{"start":{"line":53,"column":12},"end":{"line":53,"column":33}},"29":{"start":{"line":54,"column":12},"end":{"line":54,"column":34}},"30":{"start":{"line":56,"column":8},"end":{"line":56,"column":30}},"31":{"start":{"line":57,"column":8},"end":{"line":57,"column":30}},"32":{"start":{"line":60,"column":8},"end":{"line":60,"column":26}},"33":{"start":{"line":63,"column":8},"end":{"line":63,"column":27}},"34":{"start":{"line":66,"column":8},"end":{"line":66,"column":26}},"35":{"start":{"line":69,"column":8},"end":{"line":69,"column":25}},"36":{"start":{"line":73,"column":8},"end":{"line":88,"column":9}},"37":{"start":{"line":74,"column":12},"end":{"line":87,"column":13}},"38":{"start":{"line":75,"column":29},"end":{"line":75,"column":66}},"39":{"start":{"line":76,"column":16},"end":{"line":83,"column":17}},"40":{"start":{"line":77,"column":20},"end":{"line":77,"column":37}},"41":{"start":{"line":78,"column":20},"end":{"line":78,"column":44}},"42":{"start":{"line":79,"column":20},"end":{"line":79,"column":39}},"43":{"start":{"line":80,"column":20},"end":{"line":82,"column":21}},"44":{"start":{"line":81,"column":24},"end":{"line":81,"column":45}},"45":{"start":{"line":86,"column":16},"end":{"line":86,"column":143}},"46":{"start":{"line":89,"column":8},"end":{"line":93,"column":9}},"47":{"start":{"line":90,"column":12},"end":{"line":90,"column":251}},"48":{"start":{"line":91,"column":12},"end":{"line":91,"column":35}},"49":{"start":{"line":92,"column":12},"end":{"line":92,"column":31}},"50":{"start":{"line":96,"column":28},"end":{"line":96,"column":45}},"51":{"start":{"line":97,"column":31},"end":{"line":97,"column":55}},"52":{"start":{"line":98,"column":8},"end":{"line":98,"column":44}},"53":{"start":{"line":101,"column":0},"end":{"line":101,"column":24}},"54":{"start":{"line":103,"column":0},"end":{"line":103,"column":25}}},"fnMap":{"0":{"name":"(anonymous_0)","decl":{"start":{"line":2,"column":56},"end":{"line":2,"column":57}},"loc":{"start":{"line":2,"column":71},"end":{"line":4,"column":1}},"line":2},"1":{"name":"(anonymous_1)","decl":{"start":{"line":10,"column":4},"end":{"line":10,"column":5}},"loc":{"start":{"line":10,"column":31},"end":{"line":21,"column":5}},"line":10},"2":{"name":"(anonymous_2)","decl":{"start":{"line":22,"column":4},"end":{"line":22,"column":5}},"loc":{"start":{"line":22,"column":18},"end":{"line":37,"column":5}},"line":22},"3":{"name":"(anonymous_3)","decl":{"start":{"line":38,"column":4},"end":{"line":38,"column":5}},"loc":{"start":{"line":38,"column":12},"end":{"line":40,"column":5}},"line":38},"4":{"name":"(anonymous_4)","decl":{"start":{"line":41,"column":4},"end":{"line":41,"column":5}},"loc":{"start":{"line":41,"column":14},"end":{"line":49,"column":5}},"line":41},"5":{"name":"(anonymous_5)","decl":{"start":{"line":50,"column":4},"end":{"line":50,"column":5}},"loc":{"start":{"line":50,"column":16},"end":{"line":58,"column":5}},"line":50},"6":{"name":"(anonymous_6)","decl":{"start":{"line":59,"column":4},"end":{"line":59,"column":5}},"loc":{"start":{"line":59,"column":15},"end":{"line":61,"column":5}},"line":59},"7":{"name":"(anonymous_7)","decl":{"start":{"line":62,"column":4},"end":{"line":62,"column":5}},"loc":{"start":{"line":62,"column":16},"end":{"line":64,"column":5}},"line":62},"8":{"name":"(anonymous_8)","decl":{"start":{"line":65,"column":4},"end":{"line":65,"column":5}},"loc":{"start":{"line":65,"column":15},"end":{"line":67,"column":5}},"line":65},"9":{"name":"(anonymous_9)","decl":{"start":{"line":68,"column":4},"end":{"line":68,"column":5}},"loc":{"start":{"line":68,"column":17},"end":{"line":70,"column":5}},"line":68},"10":{"name":"(anonymous_10)","decl":{"start":{"line":71,"column":4},"end":{"line":71,"column":5}},"loc":{"start":{"line":71,"column":12},"end":{"line":94,"column":5}},"line":71},"11":{"name":"(anonymous_11)","decl":{"start":{"line":95,"column":4},"end":{"line":95,"column":5}},"loc":{"start":{"line":95,"column":16},"end":{"line":99,"column":5}},"line":95}},"branchMap":{"0":{"loc":{"start":{"line":2,"column":22},"end":{"line":4,"column":1}},"type":"binary-expr","locations":[{"start":{"line":2,"column":23},"end":{"line":2,"column":27}},{"start":{"line":2,"column":31},"end":{"line":2,"column":51}},{"start":{"line":2,"column":56},"end":{"line":4,"column":1}}],"line":2},"1":{"loc":{"start":{"line":3,"column":11},"end":{"line":3,"column":61}},"type":"cond-expr","locations":[{"start":{"line":3,"column":37},"end":{"line":3,"column":40}},{"start":{"line":3,"column":43},"end":{"line":3,"column":61}}],"line":3},"2":{"loc":{"start":{"line":3,"column":12},"end":{"line":3,"column":33}},"type":"binary-expr","locations":[{"start":{"line":3,"column":12},"end":{"line":3,"column":15}},{"start":{"line":3,"column":19},"end":{"line":3,"column":33}}],"line":3},"3":{"loc":{"start":{"line":25,"column":12},"end":{"line":31,"column":13}},"type":"if","locations":[{"start":{"line":25,"column":12},"end":{"line":31,"column":13}},{"start":{},"end":{}}],"line":25},"4":{"loc":{"start":{"line":26,"column":71},"end":{"line":26,"column":160}},"type":"binary-expr","locations":[{"start":{"line":26,"column":72},"end":{"line":26,"column":137}},{"start":{"line":26,"column":142},"end":{"line":26,"column":160}}],"line":26},"5":{"loc":{"start":{"line":26,"column":72},"end":{"line":26,"column":137}},"type":"cond-expr","locations":[{"start":{"line":26,"column":119},"end":{"line":26,"column":125}},{"start":{"line":26,"column":128},"end":{"line":26,"column":137}}],"line":26},"6":{"loc":{"start":{"line":26,"column":72},"end":{"line":26,"column":116}},"type":"binary-expr","locations":[{"start":{"line":26,"column":72},"end":{"line":26,"column":99}},{"start":{"line":26,"column":103},"end":{"line":26,"column":116}}],"line":26},"7":{"loc":{"start":{"line":27,"column":16},"end":{"line":29,"column":17}},"type":"if","locations":[{"start":{"line":27,"column":16},"end":{"line":29,"column":17}},{"start":{},"end":{}}],"line":27},"8":{"loc":{"start":{"line":43,"column":8},"end":{"line":46,"column":9}},"type":"if","locations":[{"start":{"line":43,"column":8},"end":{"line":46,"column":9}},{"start":{},"end":{}}],"line":43},"9":{"loc":{"start":{"line":43,"column":12},"end":{"line":43,"column":124}},"type":"binary-expr","locations":[{"start":{"line":43,"column":13},"end":{"line":43,"column":73}},{"start":{"line":43,"column":78},"end":{"line":43,"column":124}}],"line":43},"10":{"loc":{"start":{"line":43,"column":13},"end":{"line":43,"column":73}},"type":"cond-expr","locations":[{"start":{"line":43,"column":58},"end":{"line":43,"column":64}},{"start":{"line":43,"column":67},"end":{"line":43,"column":73}}],"line":43},"11":{"loc":{"start":{"line":43,"column":13},"end":{"line":43,"column":55}},"type":"binary-expr","locations":[{"start":{"line":43,"column":13},"end":{"line":43,"column":38}},{"start":{"line":43,"column":42},"end":{"line":43,"column":55}}],"line":43},"12":{"loc":{"start":{"line":52,"column":8},"end":{"line":55,"column":9}},"type":"if","locations":[{"start":{"line":52,"column":8},"end":{"line":55,"column":9}},{"start":{},"end":{}}],"line":52},"13":{"loc":{"start":{"line":52,"column":12},"end":{"line":52,"column":124}},"type":"binary-expr","locations":[{"start":{"line":52,"column":13},"end":{"line":52,"column":73}},{"start":{"line":52,"column":78},"end":{"line":52,"column":124}}],"line":52},"14":{"loc":{"start":{"line":52,"column":13},"end":{"line":52,"column":73}},"type":"cond-expr","locations":[{"start":{"line":52,"column":58},"end":{"line":52,"column":64}},{"start":{"line":52,"column":67},"end":{"line":52,"column":73}}],"line":52},"15":{"loc":{"start":{"line":52,"column":13},"end":{"line":52,"column":55}},"type":"binary-expr","locations":[{"start":{"line":52,"column":13},"end":{"line":52,"column":38}},{"start":{"line":52,"column":42},"end":{"line":52,"column":55}}],"line":52},"16":{"loc":{"start":{"line":73,"column":8},"end":{"line":88,"column":9}},"type":"if","locations":[{"start":{"line":73,"column":8},"end":{"line":88,"column":9}},{"start":{},"end":{}}],"line":73},"17":{"loc":{"start":{"line":76,"column":16},"end":{"line":83,"column":17}},"type":"if","locations":[{"start":{"line":76,"column":16},"end":{"line":83,"column":17}},{"start":{},"end":{}}],"line":76},"18":{"loc":{"start":{"line":76,"column":20},"end":{"line":76,"column":52}},"type":"binary-expr","locations":[{"start":{"line":76,"column":20},"end":{"line":76,"column":24}},{"start":{"line":76,"column":28},"end":{"line":76,"column":52}}],"line":76},"19":{"loc":{"start":{"line":80,"column":20},"end":{"line":82,"column":21}},"type":"if","locations":[{"start":{"line":80,"column":20},"end":{"line":82,"column":21}},{"start":{},"end":{}}],"line":80},"20":{"loc":{"start":{"line":80,"column":24},"end":{"line":80,"column":136}},"type":"binary-expr","locations":[{"start":{"line":80,"column":25},"end":{"line":80,"column":85}},{"start":{"line":80,"column":90},"end":{"line":80,"column":136}}],"line":80},"21":{"loc":{"start":{"line":80,"column":25},"end":{"line":80,"column":85}},"type":"cond-expr","locations":[{"start":{"line":80,"column":70},"end":{"line":80,"column":76}},{"start":{"line":80,"column":79},"end":{"line":80,"column":85}}],"line":80},"22":{"loc":{"start":{"line":80,"column":25},"end":{"line":80,"column":67}},"type":"binary-expr","locations":[{"start":{"line":80,"column":25},"end":{"line":80,"column":50}},{"start":{"line":80,"column":54},"end":{"line":80,"column":67}}],"line":80},"23":{"loc":{"start":{"line":89,"column":8},"end":{"line":93,"column":9}},"type":"if","locations":[{"start":{"line":89,"column":8},"end":{"line":93,"column":9}},{"start":{},"end":{}}],"line":89},"24":{"loc":{"start":{"line":90,"column":65},"end":{"line":90,"column":154}},"type":"binary-expr","locations":[{"start":{"line":90,"column":66},"end":{"line":90,"column":131}},{"start":{"line":90,"column":136},"end":{"line":90,"column":154}}],"line":90},"25":{"loc":{"start":{"line":90,"column":66},"end":{"line":90,"column":131}},"type":"cond-expr","locations":[{"start":{"line":90,"column":113},"end":{"line":90,"column":119}},{"start":{"line":90,"column":122},"end":{"line":90,"column":131}}],"line":90},"26":{"loc":{"start":{"line":90,"column":66},"end":{"line":90,"column":110}},"type":"binary-expr","locations":[{"start":{"line":90,"column":66},"end":{"line":90,"column":93}},{"start":{"line":90,"column":97},"end":{"line":90,"column":110}}],"line":90},"27":{"loc":{"start":{"line":90,"column":169},"end":{"line":90,"column":247}},"type":"binary-expr","locations":[{"start":{"line":90,"column":170},"end":{"line":90,"column":238}},{"start":{"line":90,"column":243},"end":{"line":90,"column":247}}],"line":90},"28":{"loc":{"start":{"line":90,"column":170},"end":{"line":90,"column":238}},"type":"cond-expr","locations":[{"start":{"line":90,"column":217},"end":{"line":90,"column":223}},{"start":{"line":90,"column":226},"end":{"line":90,"column":238}}],"line":90},"29":{"loc":{"start":{"line":90,"column":170},"end":{"line":90,"column":214}},"type":"binary-expr","locations":[{"start":{"line":90,"column":170},"end":{"line":90,"column":197}},{"start":{"line":90,"column":201},"end":{"line":90,"column":214}}],"line":90}},"s":{"0":1,"1":2,"2":1,"3":1,"4":1,"5":1,"6":8,"7":8,"8":8,"9":8,"10":8,"11":8,"12":8,"13":0,"14":0,"15":0,"16":0,"17":0,"18":0,"19":0,"20":0,"21":0,"22":0,"23":0,"24":0,"25":0,"26":0,"27":0,"28":0,"29":0,"30":0,"31":0,"32":0,"33":0,"34":2,"35":4,"36":8,"37":3,"38":3,"39":3,"40":3,"41":3,"42":3,"43":3,"44":3,"45":0,"46":8,"47":5,"48":5,"49":5,"50":3,"51":3,"52":3,"53":1,"54":1},"f":{"0":2,"1":8,"2":0,"3":0,"4":0,"5":0,"6":0,"7":0,"8":2,"9":4,"10":8,"11":3},"b":{"0":[1,1,1],"1":[0,2],"2":[2,2],"3":[0,0],"4":[0,0],"5":[0,0],"6":[0,0],"7":[0,0],"8":[0,0],"9":[0,0],"10":[0,0],"11":[0,0],"12":[0,0],"13":[0,0],"14":[0,0],"15":[0,0],"16":[3,5],"17":[3,0],"18":[3,3],"19":[3,0],"20":[3,3],"21":[0,3],"22":[3,3],"23":[5,3],"24":[5,5],"25":[5,0],"26":[5,5],"27":[5,5],"28":[5,0],"29":[5,5]},"_coverageSchema":"1a1c01bbd47fc00a2c39e90264f33305004495a9","hash":"ca0f14401e1b9a3244d505bfba65dc39e3979dbd"}
}
