{"/Users/victormahe/Desktop/Projects/toucan/dist/index.js": {"path":"/Users/victormahe/Desktop/Projects/toucan/dist/index.js","statementMap":{"0":{"start":{"line":2,"column":22},"end":{"line":4,"column":1}},"1":{"start":{"line":3,"column":4},"end":{"line":3,"column":62}},"2":{"start":{"line":5,"column":0},"end":{"line":5,"column":62}},"3":{"start":{"line":6,"column":0},"end":{"line":6,"column":24}},"4":{"start":{"line":7,"column":23},"end":{"line":7,"column":63}},"5":{"start":{"line":8,"column":21},"end":{"line":8,"column":59}},"6":{"start":{"line":11,"column":8},"end":{"line":11,"column":24}},"7":{"start":{"line":12,"column":8},"end":{"line":12,"column":41}},"8":{"start":{"line":13,"column":8},"end":{"line":13,"column":28}},"9":{"start":{"line":14,"column":8},"end":{"line":14,"column":30}},"10":{"start":{"line":15,"column":8},"end":{"line":15,"column":49}},"11":{"start":{"line":16,"column":8},"end":{"line":16,"column":38}},"12":{"start":{"line":17,"column":8},"end":{"line":17,"column":27}},"13":{"start":{"line":18,"column":8},"end":{"line":18,"column":29}},"14":{"start":{"line":19,"column":8},"end":{"line":19,"column":21}},"15":{"start":{"line":23,"column":8},"end":{"line":35,"column":9}},"16":{"start":{"line":24,"column":12},"end":{"line":30,"column":13}},"17":{"start":{"line":25,"column":29},"end":{"line":25,"column":162}},"18":{"start":{"line":26,"column":16},"end":{"line":28,"column":17}},"19":{"start":{"line":27,"column":20},"end":{"line":27,"column":32}},"20":{"start":{"line":29,"column":16},"end":{"line":29,"column":29}},"21":{"start":{"line":31,"column":12},"end":{"line":31,"column":25}},"22":{"start":{"line":34,"column":12},"end":{"line":34,"column":25}},"23":{"start":{"line":38,"column":8},"end":{"line":38,"column":27}},"24":{"start":{"line":42,"column":8},"end":{"line":45,"column":9}},"25":{"start":{"line":43,"column":12},"end":{"line":43,"column":33}},"26":{"start":{"line":44,"column":12},"end":{"line":44,"column":33}},"27":{"start":{"line":46,"column":8},"end":{"line":46,"column":30}},"28":{"start":{"line":47,"column":8},"end":{"line":47,"column":29}},"29":{"start":{"line":51,"column":8},"end":{"line":54,"column":9}},"30":{"start":{"line":52,"column":12},"end":{"line":52,"column":33}},"31":{"start":{"line":53,"column":12},"end":{"line":53,"column":34}},"32":{"start":{"line":55,"column":8},"end":{"line":55,"column":30}},"33":{"start":{"line":56,"column":8},"end":{"line":56,"column":30}},"34":{"start":{"line":59,"column":8},"end":{"line":59,"column":26}},"35":{"start":{"line":62,"column":8},"end":{"line":62,"column":27}},"36":{"start":{"line":65,"column":8},"end":{"line":65,"column":26}},"37":{"start":{"line":68,"column":8},"end":{"line":68,"column":25}},"38":{"start":{"line":72,"column":19},"end":{"line":72,"column":132}},"39":{"start":{"line":74,"column":8},"end":{"line":102,"column":9}},"40":{"start":{"line":75,"column":12},"end":{"line":89,"column":13}},"41":{"start":{"line":76,"column":29},"end":{"line":76,"column":66}},"42":{"start":{"line":77,"column":16},"end":{"line":84,"column":17}},"43":{"start":{"line":78,"column":20},"end":{"line":78,"column":37}},"44":{"start":{"line":79,"column":20},"end":{"line":79,"column":44}},"45":{"start":{"line":80,"column":20},"end":{"line":80,"column":39}},"46":{"start":{"line":81,"column":20},"end":{"line":83,"column":21}},"47":{"start":{"line":82,"column":24},"end":{"line":82,"column":45}},"48":{"start":{"line":87,"column":16},"end":{"line":87,"column":32}},"49":{"start":{"line":88,"column":16},"end":{"line":88,"column":36}},"50":{"start":{"line":91,"column":13},"end":{"line":102,"column":9}},"51":{"start":{"line":92,"column":26},"end":{"line":92,"column":270}},"52":{"start":{"line":93,"column":25},"end":{"line":93,"column":57}},"53":{"start":{"line":94,"column":12},"end":{"line":94,"column":31}},"54":{"start":{"line":95,"column":12},"end":{"line":95,"column":29}},"55":{"start":{"line":96,"column":12},"end":{"line":96,"column":31}},"56":{"start":{"line":99,"column":26},"end":{"line":99,"column":139}},"57":{"start":{"line":100,"column":12},"end":{"line":100,"column":28}},"58":{"start":{"line":101,"column":12},"end":{"line":101,"column":32}},"59":{"start":{"line":105,"column":28},"end":{"line":105,"column":45}},"60":{"start":{"line":106,"column":31},"end":{"line":106,"column":55}},"61":{"start":{"line":107,"column":8},"end":{"line":107,"column":44}},"62":{"start":{"line":110,"column":0},"end":{"line":110,"column":24}},"63":{"start":{"line":112,"column":0},"end":{"line":112,"column":25}}},"fnMap":{"0":{"name":"(anonymous_0)","decl":{"start":{"line":2,"column":56},"end":{"line":2,"column":57}},"loc":{"start":{"line":2,"column":71},"end":{"line":4,"column":1}},"line":2},"1":{"name":"(anonymous_1)","decl":{"start":{"line":10,"column":4},"end":{"line":10,"column":5}},"loc":{"start":{"line":10,"column":31},"end":{"line":20,"column":5}},"line":10},"2":{"name":"(anonymous_2)","decl":{"start":{"line":21,"column":4},"end":{"line":21,"column":5}},"loc":{"start":{"line":21,"column":18},"end":{"line":36,"column":5}},"line":21},"3":{"name":"(anonymous_3)","decl":{"start":{"line":37,"column":4},"end":{"line":37,"column":5}},"loc":{"start":{"line":37,"column":12},"end":{"line":39,"column":5}},"line":37},"4":{"name":"(anonymous_4)","decl":{"start":{"line":40,"column":4},"end":{"line":40,"column":5}},"loc":{"start":{"line":40,"column":14},"end":{"line":48,"column":5}},"line":40},"5":{"name":"(anonymous_5)","decl":{"start":{"line":49,"column":4},"end":{"line":49,"column":5}},"loc":{"start":{"line":49,"column":16},"end":{"line":57,"column":5}},"line":49},"6":{"name":"(anonymous_6)","decl":{"start":{"line":58,"column":4},"end":{"line":58,"column":5}},"loc":{"start":{"line":58,"column":15},"end":{"line":60,"column":5}},"line":58},"7":{"name":"(anonymous_7)","decl":{"start":{"line":61,"column":4},"end":{"line":61,"column":5}},"loc":{"start":{"line":61,"column":16},"end":{"line":63,"column":5}},"line":61},"8":{"name":"(anonymous_8)","decl":{"start":{"line":64,"column":4},"end":{"line":64,"column":5}},"loc":{"start":{"line":64,"column":15},"end":{"line":66,"column":5}},"line":64},"9":{"name":"(anonymous_9)","decl":{"start":{"line":67,"column":4},"end":{"line":67,"column":5}},"loc":{"start":{"line":67,"column":17},"end":{"line":69,"column":5}},"line":67},"10":{"name":"(anonymous_10)","decl":{"start":{"line":70,"column":4},"end":{"line":70,"column":5}},"loc":{"start":{"line":70,"column":12},"end":{"line":103,"column":5}},"line":70},"11":{"name":"(anonymous_11)","decl":{"start":{"line":104,"column":4},"end":{"line":104,"column":5}},"loc":{"start":{"line":104,"column":16},"end":{"line":108,"column":5}},"line":104}},"branchMap":{"0":{"loc":{"start":{"line":2,"column":22},"end":{"line":4,"column":1}},"type":"binary-expr","locations":[{"start":{"line":2,"column":23},"end":{"line":2,"column":27}},{"start":{"line":2,"column":31},"end":{"line":2,"column":51}},{"start":{"line":2,"column":56},"end":{"line":4,"column":1}}],"line":2},"1":{"loc":{"start":{"line":3,"column":11},"end":{"line":3,"column":61}},"type":"cond-expr","locations":[{"start":{"line":3,"column":37},"end":{"line":3,"column":40}},{"start":{"line":3,"column":43},"end":{"line":3,"column":61}}],"line":3},"2":{"loc":{"start":{"line":3,"column":12},"end":{"line":3,"column":33}},"type":"binary-expr","locations":[{"start":{"line":3,"column":12},"end":{"line":3,"column":15}},{"start":{"line":3,"column":19},"end":{"line":3,"column":33}}],"line":3},"3":{"loc":{"start":{"line":24,"column":12},"end":{"line":30,"column":13}},"type":"if","locations":[{"start":{"line":24,"column":12},"end":{"line":30,"column":13}},{"start":{},"end":{}}],"line":24},"4":{"loc":{"start":{"line":25,"column":71},"end":{"line":25,"column":161}},"type":"binary-expr","locations":[{"start":{"line":25,"column":72},"end":{"line":25,"column":137}},{"start":{"line":25,"column":142},"end":{"line":25,"column":161}}],"line":25},"5":{"loc":{"start":{"line":25,"column":72},"end":{"line":25,"column":137}},"type":"cond-expr","locations":[{"start":{"line":25,"column":119},"end":{"line":25,"column":125}},{"start":{"line":25,"column":128},"end":{"line":25,"column":137}}],"line":25},"6":{"loc":{"start":{"line":25,"column":72},"end":{"line":25,"column":116}},"type":"binary-expr","locations":[{"start":{"line":25,"column":72},"end":{"line":25,"column":99}},{"start":{"line":25,"column":103},"end":{"line":25,"column":116}}],"line":25},"7":{"loc":{"start":{"line":26,"column":16},"end":{"line":28,"column":17}},"type":"if","locations":[{"start":{"line":26,"column":16},"end":{"line":28,"column":17}},{"start":{},"end":{}}],"line":26},"8":{"loc":{"start":{"line":42,"column":8},"end":{"line":45,"column":9}},"type":"if","locations":[{"start":{"line":42,"column":8},"end":{"line":45,"column":9}},{"start":{},"end":{}}],"line":42},"9":{"loc":{"start":{"line":42,"column":12},"end":{"line":42,"column":124}},"type":"binary-expr","locations":[{"start":{"line":42,"column":13},"end":{"line":42,"column":73}},{"start":{"line":42,"column":78},"end":{"line":42,"column":124}}],"line":42},"10":{"loc":{"start":{"line":42,"column":13},"end":{"line":42,"column":73}},"type":"cond-expr","locations":[{"start":{"line":42,"column":58},"end":{"line":42,"column":64}},{"start":{"line":42,"column":67},"end":{"line":42,"column":73}}],"line":42},"11":{"loc":{"start":{"line":42,"column":13},"end":{"line":42,"column":55}},"type":"binary-expr","locations":[{"start":{"line":42,"column":13},"end":{"line":42,"column":38}},{"start":{"line":42,"column":42},"end":{"line":42,"column":55}}],"line":42},"12":{"loc":{"start":{"line":51,"column":8},"end":{"line":54,"column":9}},"type":"if","locations":[{"start":{"line":51,"column":8},"end":{"line":54,"column":9}},{"start":{},"end":{}}],"line":51},"13":{"loc":{"start":{"line":51,"column":12},"end":{"line":51,"column":124}},"type":"binary-expr","locations":[{"start":{"line":51,"column":13},"end":{"line":51,"column":73}},{"start":{"line":51,"column":78},"end":{"line":51,"column":124}}],"line":51},"14":{"loc":{"start":{"line":51,"column":13},"end":{"line":51,"column":73}},"type":"cond-expr","locations":[{"start":{"line":51,"column":58},"end":{"line":51,"column":64}},{"start":{"line":51,"column":67},"end":{"line":51,"column":73}}],"line":51},"15":{"loc":{"start":{"line":51,"column":13},"end":{"line":51,"column":55}},"type":"binary-expr","locations":[{"start":{"line":51,"column":13},"end":{"line":51,"column":38}},{"start":{"line":51,"column":42},"end":{"line":51,"column":55}}],"line":51},"16":{"loc":{"start":{"line":74,"column":8},"end":{"line":102,"column":9}},"type":"if","locations":[{"start":{"line":74,"column":8},"end":{"line":102,"column":9}},{"start":{"line":91,"column":13},"end":{"line":102,"column":9}}],"line":74},"17":{"loc":{"start":{"line":77,"column":16},"end":{"line":84,"column":17}},"type":"if","locations":[{"start":{"line":77,"column":16},"end":{"line":84,"column":17}},{"start":{},"end":{}}],"line":77},"18":{"loc":{"start":{"line":77,"column":20},"end":{"line":77,"column":52}},"type":"binary-expr","locations":[{"start":{"line":77,"column":20},"end":{"line":77,"column":24}},{"start":{"line":77,"column":28},"end":{"line":77,"column":52}}],"line":77},"19":{"loc":{"start":{"line":81,"column":20},"end":{"line":83,"column":21}},"type":"if","locations":[{"start":{"line":81,"column":20},"end":{"line":83,"column":21}},{"start":{},"end":{}}],"line":81},"20":{"loc":{"start":{"line":81,"column":24},"end":{"line":81,"column":136}},"type":"binary-expr","locations":[{"start":{"line":81,"column":25},"end":{"line":81,"column":85}},{"start":{"line":81,"column":90},"end":{"line":81,"column":136}}],"line":81},"21":{"loc":{"start":{"line":81,"column":25},"end":{"line":81,"column":85}},"type":"cond-expr","locations":[{"start":{"line":81,"column":70},"end":{"line":81,"column":76}},{"start":{"line":81,"column":79},"end":{"line":81,"column":85}}],"line":81},"22":{"loc":{"start":{"line":81,"column":25},"end":{"line":81,"column":67}},"type":"binary-expr","locations":[{"start":{"line":81,"column":25},"end":{"line":81,"column":50}},{"start":{"line":81,"column":54},"end":{"line":81,"column":67}}],"line":81},"23":{"loc":{"start":{"line":91,"column":13},"end":{"line":102,"column":9}},"type":"if","locations":[{"start":{"line":91,"column":13},"end":{"line":102,"column":9}},{"start":{"line":98,"column":13},"end":{"line":102,"column":9}}],"line":91},"24":{"loc":{"start":{"line":92,"column":66},"end":{"line":92,"column":156}},"type":"binary-expr","locations":[{"start":{"line":92,"column":67},"end":{"line":92,"column":132}},{"start":{"line":92,"column":137},"end":{"line":92,"column":156}}],"line":92},"25":{"loc":{"start":{"line":92,"column":67},"end":{"line":92,"column":132}},"type":"cond-expr","locations":[{"start":{"line":92,"column":114},"end":{"line":92,"column":120}},{"start":{"line":92,"column":123},"end":{"line":92,"column":132}}],"line":92},"26":{"loc":{"start":{"line":92,"column":67},"end":{"line":92,"column":111}},"type":"binary-expr","locations":[{"start":{"line":92,"column":67},"end":{"line":92,"column":94}},{"start":{"line":92,"column":98},"end":{"line":92,"column":111}}],"line":92},"27":{"loc":{"start":{"line":92,"column":171},"end":{"line":92,"column":267}},"type":"binary-expr","locations":[{"start":{"line":92,"column":172},"end":{"line":92,"column":240}},{"start":{"line":92,"column":245},"end":{"line":92,"column":267}}],"line":92},"28":{"loc":{"start":{"line":92,"column":172},"end":{"line":92,"column":240}},"type":"cond-expr","locations":[{"start":{"line":92,"column":219},"end":{"line":92,"column":225}},{"start":{"line":92,"column":228},"end":{"line":92,"column":240}}],"line":92},"29":{"loc":{"start":{"line":92,"column":172},"end":{"line":92,"column":216}},"type":"binary-expr","locations":[{"start":{"line":92,"column":172},"end":{"line":92,"column":199}},{"start":{"line":92,"column":203},"end":{"line":92,"column":216}}],"line":92}},"s":{"0":1,"1":2,"2":1,"3":1,"4":1,"5":1,"6":17,"7":17,"8":17,"9":17,"10":17,"11":17,"12":17,"13":17,"14":17,"15":1,"16":1,"17":1,"18":1,"19":1,"20":0,"21":0,"22":0,"23":0,"24":2,"25":1,"26":1,"27":1,"28":1,"29":2,"30":1,"31":1,"32":1,"33":1,"34":1,"35":1,"36":7,"37":8,"38":17,"39":17,"40":3,"41":3,"42":3,"43":3,"44":3,"45":3,"46":3,"47":3,"48":0,"49":0,"50":14,"51":13,"52":13,"53":13,"54":13,"55":13,"56":1,"57":1,"58":1,"59":7,"60":7,"61":7,"62":1,"63":1},"f":{"0":2,"1":17,"2":1,"3":0,"4":2,"5":2,"6":1,"7":1,"8":7,"9":8,"10":17,"11":7},"b":{"0":[1,1,1],"1":[0,2],"2":[2,2],"3":[1,0],"4":[1,1],"5":[1,0],"6":[1,1],"7":[1,0],"8":[1,1],"9":[2,2],"10":[0,2],"11":[2,2],"12":[1,1],"13":[2,2],"14":[0,2],"15":[2,2],"16":[3,14],"17":[3,0],"18":[3,3],"19":[3,0],"20":[3,3],"21":[0,3],"22":[3,3],"23":[13,1],"24":[13,13],"25":[11,2],"26":[13,13],"27":[13,11],"28":[11,2],"29":[13,13]},"_coverageSchema":"1a1c01bbd47fc00a2c39e90264f33305004495a9","hash":"e658a99fe178c5a4f584159e5fa0ed30044d181e"}
}
