TN:
SF:dist/index.js
FN:2,(anonymous_0)
FN:10,(anonymous_1)
FN:21,(anonymous_2)
FN:37,(anonymous_3)
FN:40,(anonymous_4)
FN:49,(anonymous_5)
FN:58,(anonymous_6)
FN:61,(anonymous_7)
FN:64,(anonymous_8)
FN:67,(anonymous_9)
FN:70,(anonymous_10)
FN:104,(anonymous_11)
FNF:12
FNH:11
FNDA:2,(anonymous_0)
FNDA:17,(anonymous_1)
FNDA:1,(anonymous_2)
FNDA:0,(anonymous_3)
FNDA:2,(anonymous_4)
FNDA:2,(anonymous_5)
FNDA:1,(anonymous_6)
FNDA:1,(anonymous_7)
FNDA:7,(anonymous_8)
FNDA:8,(anonymous_9)
FNDA:17,(anonymous_10)
FNDA:7,(anonymous_11)
DA:2,1
DA:3,2
DA:5,1
DA:6,1
DA:7,1
DA:8,1
DA:11,17
DA:12,17
DA:13,17
DA:14,17
DA:15,17
DA:16,17
DA:17,17
DA:18,17
DA:19,17
DA:23,1
DA:24,1
DA:25,1
DA:26,1
DA:27,1
DA:29,0
DA:31,0
DA:34,0
DA:38,0
DA:42,2
DA:43,1
DA:44,1
DA:46,1
DA:47,1
DA:51,2
DA:52,1
DA:53,1
DA:55,1
DA:56,1
DA:59,1
DA:62,1
DA:65,7
DA:68,8
DA:72,17
DA:74,17
DA:75,3
DA:76,3
DA:77,3
DA:78,3
DA:79,3
DA:80,3
DA:81,3
DA:82,3
DA:87,0
DA:88,0
DA:91,14
DA:92,13
DA:93,13
DA:94,13
DA:95,13
DA:96,13
DA:99,1
DA:100,1
DA:101,1
DA:105,7
DA:106,7
DA:107,7
DA:110,1
DA:112,1
LF:64
LH:58
BRDA:2,0,0,1
BRDA:2,0,1,1
BRDA:2,0,2,1
BRDA:3,1,0,0
BRDA:3,1,1,2
BRDA:3,2,0,2
BRDA:3,2,1,2
BRDA:24,3,0,1
BRDA:24,3,1,0
BRDA:25,4,0,1
BRDA:25,4,1,1
BRDA:25,5,0,1
BRDA:25,5,1,0
BRDA:25,6,0,1
BRDA:25,6,1,1
BRDA:26,7,0,1
BRDA:26,7,1,0
BRDA:42,8,0,1
BRDA:42,8,1,1
BRDA:42,9,0,2
BRDA:42,9,1,2
BRDA:42,10,0,0
BRDA:42,10,1,2
BRDA:42,11,0,2
BRDA:42,11,1,2
BRDA:51,12,0,1
BRDA:51,12,1,1
BRDA:51,13,0,2
BRDA:51,13,1,2
BRDA:51,14,0,0
BRDA:51,14,1,2
BRDA:51,15,0,2
BRDA:51,15,1,2
BRDA:74,16,0,3
BRDA:74,16,1,14
BRDA:77,17,0,3
BRDA:77,17,1,0
BRDA:77,18,0,3
BRDA:77,18,1,3
BRDA:81,19,0,3
BRDA:81,19,1,0
BRDA:81,20,0,3
BRDA:81,20,1,3
BRDA:81,21,0,0
BRDA:81,21,1,3
BRDA:81,22,0,3
BRDA:81,22,1,3
BRDA:91,23,0,13
BRDA:91,23,1,1
BRDA:92,24,0,13
BRDA:92,24,1,13
BRDA:92,25,0,11
BRDA:92,25,1,2
BRDA:92,26,0,13
BRDA:92,26,1,13
BRDA:92,27,0,13
BRDA:92,27,1,11
BRDA:92,28,0,11
BRDA:92,28,1,2
BRDA:92,29,0,13
BRDA:92,29,1,13
BRF:61
BRH:52
end_of_record
