TN:
SF:dist/index.js
FN:2,(anonymous_0)
FN:10,(anonymous_1)
FN:22,(anonymous_2)
FN:38,(anonymous_3)
FN:41,(anonymous_4)
FN:50,(anonymous_5)
FN:59,(anonymous_6)
FN:62,(anonymous_7)
FN:65,(anonymous_8)
FN:68,(anonymous_9)
FN:71,(anonymous_10)
FN:95,(anonymous_11)
FNF:12
FNH:6
FNDA:2,(anonymous_0)
FNDA:8,(anonymous_1)
FNDA:0,(anonymous_2)
FNDA:0,(anonymous_3)
FNDA:0,(anonymous_4)
FNDA:0,(anonymous_5)
FNDA:0,(anonymous_6)
FNDA:0,(anonymous_7)
FNDA:2,(anonymous_8)
FNDA:4,(anonymous_9)
FNDA:8,(anonymous_10)
FNDA:3,(anonymous_11)
DA:2,1
DA:3,2
DA:5,1
DA:6,1
DA:7,1
DA:8,1
DA:11,8
DA:12,8
DA:16,8
DA:17,8
DA:18,8
DA:19,8
DA:20,8
DA:24,0
DA:25,0
DA:26,0
DA:27,0
DA:28,0
DA:30,0
DA:32,0
DA:35,0
DA:39,0
DA:43,0
DA:44,0
DA:45,0
DA:47,0
DA:48,0
DA:52,0
DA:53,0
DA:54,0
DA:56,0
DA:57,0
DA:60,0
DA:63,0
DA:66,2
DA:69,4
DA:73,8
DA:74,3
DA:75,3
DA:76,3
DA:77,3
DA:78,3
DA:79,3
DA:80,3
DA:81,3
DA:86,0
DA:89,8
DA:90,5
DA:91,5
DA:92,5
DA:96,3
DA:97,3
DA:98,3
DA:101,1
DA:103,1
LF:55
LH:33
BRDA:2,0,0,1
BRDA:2,0,1,1
BRDA:2,0,2,1
BRDA:3,1,0,0
BRDA:3,1,1,2
BRDA:3,2,0,2
BRDA:3,2,1,2
BRDA:25,3,0,0
BRDA:25,3,1,0
BRDA:26,4,0,0
BRDA:26,4,1,0
BRDA:26,5,0,0
BRDA:26,5,1,0
BRDA:26,6,0,0
BRDA:26,6,1,0
BRDA:27,7,0,0
BRDA:27,7,1,0
BRDA:43,8,0,0
BRDA:43,8,1,0
BRDA:43,9,0,0
BRDA:43,9,1,0
BRDA:43,10,0,0
BRDA:43,10,1,0
BRDA:43,11,0,0
BRDA:43,11,1,0
BRDA:52,12,0,0
BRDA:52,12,1,0
BRDA:52,13,0,0
BRDA:52,13,1,0
BRDA:52,14,0,0
BRDA:52,14,1,0
BRDA:52,15,0,0
BRDA:52,15,1,0
BRDA:73,16,0,3
BRDA:73,16,1,5
BRDA:76,17,0,3
BRDA:76,17,1,0
BRDA:76,18,0,3
BRDA:76,18,1,3
BRDA:80,19,0,3
BRDA:80,19,1,0
BRDA:80,20,0,3
BRDA:80,20,1,3
BRDA:80,21,0,0
BRDA:80,21,1,3
BRDA:80,22,0,3
BRDA:80,22,1,3
BRDA:89,23,0,5
BRDA:89,23,1,3
BRDA:90,24,0,5
BRDA:90,24,1,5
BRDA:90,25,0,5
BRDA:90,25,1,0
BRDA:90,26,0,5
BRDA:90,26,1,5
BRDA:90,27,0,5
BRDA:90,27,1,5
BRDA:90,28,0,5
BRDA:90,28,1,0
BRDA:90,29,0,5
BRDA:90,29,1,5
BRF:61
BRH:29
end_of_record
